  LogicTree_nodeverDlg.cpp
d:\workspace\glib-core-cpp\glib-release\include\glogger.h(21): warning C4067: 전처리기 지시문 다음에 예기치 않은 토큰이 있습니다. 줄 바꿈 문자가 필요합니다.
d:\workspace\glib-core-cpp\glib-release\include\spdlog\fmt\bundled\format-inl.h(1154): warning C4307: '*': 정수 계열 상수 오버플로입니다.
d:\workspace\glib-core-cpp\glib-release\include\spdlog\fmt\bundled\format-inl.h(1186): warning C4307: '*': 정수 계열 상수 오버플로입니다.
d:\workspace\glib-core-cpp\glib-release\include\spdlog\fmt\bundled\format-inl.h(1207): warning C4307: '*': 정수 계열 상수 오버플로입니다.
d:\workspace\glib-core-cpp\glib-release\include\spdlog\details\circular_q.h : warning C4819: 현재 코드 페이지(949)에서 표시할 수 없는 문자가 파일에 들어 있습니다. 데이터가 손실되지 않게 하려면 해당 파일을 유니코드 형식으로 저장하십시오.
d:\workspace\glib-core-cpp\glib-release\include\spdlog\fmt\bundled\chrono.h : warning C4819: 현재 코드 페이지(949)에서 표시할 수 없는 문자가 파일에 들어 있습니다. 데이터가 손실되지 않게 하려면 해당 파일을 유니코드 형식으로 저장하십시오.
d:\workspace\logictree_nodever\logictree_nodever\logictree_nodeverdlg.cpp(278): warning C4244: '인수': 'double'에서 'int'(으)로 변환하면서 데이터가 손실될 수 있습니다.
d:\workspace\logictree_nodever\logictree_nodever\logictree_nodeverdlg.cpp(340): warning C4244: '인수': 'double'에서 'int'(으)로 변환하면서 데이터가 손실될 수 있습니다.
c:\program files (x86)\microsoft visual studio 14.0\vc\include\algorithm(1669): warning C4996: 'std::reverse_copy::_Unchecked_iterators::_Deprecate': Call to 'std::reverse_copy' with parameters that may be unsafe - this call relies on the caller to check that the passed values are correct. To disable this warning, use -D_SCL_SECURE_NO_WARNINGS. See documentation on how to use Visual C++ 'Checked Iterators'
  c:\program files (x86)\microsoft visual studio 14.0\vc\include\algorithm(1669): note: 'std::reverse_copy::_Unchecked_iterators::_Deprecate' 선언을 참조하십시오.
  d:\workspace\glib-core-cpp\glib-release\include\spdlog\fmt\bundled\chrono.h(567): note: 컴파일 중인 함수 템플릿 인스턴스화 '_OutIt *std::reverse_copy<char*,char*>(_BidIt,_BidIt,_OutIt)'에 대한 참조를 확인하십시오.
          with
          [
              _OutIt=char *,
              _BidIt=char *
          ]
LogicTree_nodever.obj : warning LNK4258: '/entry:WinMainCRTStartup' 지시문은 '/ENTRY:wWinMainCRTStartup' 스위치와 호환되지 않습니다. 무시됩니다.
LogicTree_nodeverDlg.obj : warning LNK4258: '/entry:WinMainCRTStartup' 지시문은 '/ENTRY:wWinMainCRTStartup' 스위치와 호환되지 않습니다. 무시됩니다.
     D:\workspace\LogicTree_nodever\x64\Debug\LogicTree_nodever.lib 라이브러리 및 D:\workspace\LogicTree_nodever\x64\Debug\LogicTree_nodever.exp 개체를 생성하고 있습니다.
  LogicTree_nodever.vcxproj -> D:\workspace\LogicTree_nodever\x64\Debug\LogicTree_nodever.exe
  LogicTree_nodever.vcxproj -> D:\workspace\LogicTree_nodever\x64\Debug\LogicTree_nodever.pdb (Partial PDB)
