c:\users\leejeeh8411\documents\visual studio 2015\projects\logictree_nodever\logictree_nodever\x64\debug\logictree_nodever.pch
c:\users\leejeeh8411\documents\visual studio 2015\projects\logictree_nodever\logictree_nodever\x64\debug\vc140.pdb
c:\users\leejeeh8411\documents\visual studio 2015\projects\logictree_nodever\logictree_nodever\x64\debug\vc140.idb
c:\users\leejeeh8411\documents\visual studio 2015\projects\logictree_nodever\logictree_nodever\x64\debug\stdafx.obj
c:\users\leejeeh8411\documents\visual studio 2015\projects\logictree_nodever\logictree_nodever\x64\debug\logictree_nodever.obj
c:\users\leejeeh8411\documents\visual studio 2015\projects\logictree_nodever\logictree_nodever\x64\debug\logictree_nodeverdlg.obj
c:\users\leejeeh8411\documents\visual studio 2015\projects\logictree_nodever\logictree_nodever\x64\debug\logictree_nodever.res
c:\users\leejeeh8411\documents\visual studio 2015\projects\logictree_nodever\x64\debug\logictree_nodever.pdb
c:\users\leejeeh8411\documents\visual studio 2015\projects\logictree_nodever\logictree_nodever\x64\debug\logictre.56f2c761.tlog\cl.command.1.tlog
c:\users\leejeeh8411\documents\visual studio 2015\projects\logictree_nodever\logictree_nodever\x64\debug\logictre.56f2c761.tlog\cl.read.1.tlog
c:\users\leejeeh8411\documents\visual studio 2015\projects\logictree_nodever\logictree_nodever\x64\debug\logictre.56f2c761.tlog\cl.write.1.tlog
c:\users\leejeeh8411\documents\visual studio 2015\projects\logictree_nodever\logictree_nodever\x64\debug\logictre.56f2c761.tlog\link.22936-cvtres.read.1.tlog
c:\users\leejeeh8411\documents\visual studio 2015\projects\logictree_nodever\logictree_nodever\x64\debug\logictre.56f2c761.tlog\link.22936-cvtres.write.1.tlog
c:\users\leejeeh8411\documents\visual studio 2015\projects\logictree_nodever\logictree_nodever\x64\debug\logictre.56f2c761.tlog\link.22936-mt.read.1.tlog
c:\users\leejeeh8411\documents\visual studio 2015\projects\logictree_nodever\logictree_nodever\x64\debug\logictre.56f2c761.tlog\link.22936-mt.write.1.tlog
c:\users\leejeeh8411\documents\visual studio 2015\projects\logictree_nodever\logictree_nodever\x64\debug\logictre.56f2c761.tlog\link.22936-rc.read.1.tlog
c:\users\leejeeh8411\documents\visual studio 2015\projects\logictree_nodever\logictree_nodever\x64\debug\logictre.56f2c761.tlog\link.22936-rc.write.1.tlog
c:\users\leejeeh8411\documents\visual studio 2015\projects\logictree_nodever\logictree_nodever\x64\debug\logictre.56f2c761.tlog\link.22936.read.1.tlog
c:\users\leejeeh8411\documents\visual studio 2015\projects\logictree_nodever\logictree_nodever\x64\debug\logictre.56f2c761.tlog\link.22936.write.1.tlog
c:\users\leejeeh8411\documents\visual studio 2015\projects\logictree_nodever\logictree_nodever\x64\debug\logictre.56f2c761.tlog\link.command.1.tlog
c:\users\leejeeh8411\documents\visual studio 2015\projects\logictree_nodever\logictree_nodever\x64\debug\logictre.56f2c761.tlog\link.read.1.tlog
c:\users\leejeeh8411\documents\visual studio 2015\projects\logictree_nodever\logictree_nodever\x64\debug\logictre.56f2c761.tlog\link.write.1.tlog
c:\users\leejeeh8411\documents\visual studio 2015\projects\logictree_nodever\logictree_nodever\x64\debug\logictre.56f2c761.tlog\rc.command.1.tlog
c:\users\leejeeh8411\documents\visual studio 2015\projects\logictree_nodever\logictree_nodever\x64\debug\logictre.56f2c761.tlog\rc.read.1.tlog
c:\users\leejeeh8411\documents\visual studio 2015\projects\logictree_nodever\logictree_nodever\x64\debug\logictre.56f2c761.tlog\rc.write.1.tlog
